<?xml version="1.0" encoding="UTF-8"?>
<coverage generated="1727411822649" clover="3.2.0">
  <project timestamp="1727411822649" name="All files">
    <metrics statements="17" coveredstatements="16" conditionals="11" coveredconditionals="5" methods="7" coveredmethods="5" elements="35" coveredelements="26" complexity="0" loc="17" ncloc="17" packages="3" files="3" classes="3"/>
    <package name="components.Button">
      <metrics statements="9" coveredstatements="8" conditionals="3" coveredconditionals="2" methods="2" coveredmethods="2"/>
      <file name="index.js" path="C:\Users\Micyo\Desktop\Projet_9\src\components\Button\index.js">
        <metrics statements="9" coveredstatements="8" conditionals="3" coveredconditionals="2" methods="2" coveredmethods="2"/>
        <line num="6" count="2" type="stmt"/>
        <line num="11" count="2" type="stmt"/>
        <line num="12" count="17" type="cond" truecount="2" falsecount="1"/>
        <line num="14" count="9" type="stmt"/>
        <line num="27" count="8" type="stmt"/>
        <line num="39" count="0" type="stmt"/>
        <line num="55" count="2" type="stmt"/>
        <line num="62" count="2" type="stmt"/>
        <line num="64" count="1" type="stmt"/>
      </file>
    </package>
    <package name="components.EventCard">
      <metrics statements="4" coveredstatements="4" conditionals="4" coveredconditionals="2" methods="1" coveredmethods="1"/>
      <file name="index.js" path="C:\Users\Micyo\Desktop\Projet_9\src\components\EventCard\index.js">
        <metrics statements="4" coveredstatements="4" conditionals="4" coveredconditionals="2" methods="1" coveredmethods="1"/>
        <line num="7" count="3" type="stmt"/>
        <line num="16" count="6" type="stmt"/>
        <line num="32" count="3" type="stmt"/>
        <line num="41" count="3" type="stmt"/>
      </file>
    </package>
    <package name="pages.Home">
      <metrics statements="4" coveredstatements="4" conditionals="4" coveredconditionals="1" methods="4" coveredmethods="2"/>
      <file name="index.js" path="C:\Users\Micyo\Desktop\Projet_9\src\pages\Home\index.js">
        <metrics statements="4" coveredstatements="4" conditionals="4" coveredconditionals="1" methods="4" coveredmethods="2"/>
        <line num="15" count="1" type="stmt"/>
        <line num="16" count="6" type="stmt"/>
        <line num="18" count="6" type="stmt"/>
        <line num="112" count="6" type="stmt"/>
      </file>
    </package>
  </project>
</coverage>
