<?xml version="1.0" encoding="UTF-8"?>
<coverage generated="1727424212527" clover="3.2.0">
  <project timestamp="1727424212527" name="All files">
    <metrics statements="34" coveredstatements="33" conditionals="20" coveredconditionals="13" methods="15" coveredmethods="11" elements="69" coveredelements="57" complexity="0" loc="34" ncloc="34" packages="3" files="3" classes="3"/>
    <package name="components.EventCard">
      <metrics statements="4" coveredstatements="4" conditionals="4" coveredconditionals="2" methods="1" coveredmethods="1"/>
      <file name="index.js" path="C:\Users\Micyo\Desktop\Projet_9\src\components\EventCard\index.js">
        <metrics statements="4" coveredstatements="4" conditionals="4" coveredconditionals="2" methods="1" coveredmethods="1"/>
        <line num="7" count="3" type="stmt"/>
        <line num="16" count="6" type="stmt"/>
        <line num="32" count="3" type="stmt"/>
        <line num="41" count="3" type="stmt"/>
      </file>
    </package>
    <package name="containers.Events">
      <metrics statements="26" coveredstatements="25" conditionals="12" coveredconditionals="10" methods="10" coveredmethods="8"/>
      <file name="index.js" path="C:\Users\Micyo\Desktop\Projet_9\src\containers\Events\index.js">
        <metrics statements="26" coveredstatements="25" conditionals="12" coveredconditionals="10" methods="10" coveredmethods="8"/>
        <line num="12" count="2" type="stmt"/>
        <line num="14" count="2" type="stmt"/>
        <line num="15" count="9" type="stmt"/>
        <line num="16" count="9" type="stmt"/>
        <line num="17" count="9" type="stmt"/>
        <line num="19" count="9" type="stmt"/>
        <line num="20" count="9" type="stmt"/>
        <line num="21" count="9" type="stmt"/>
        <line num="26" count="9" type="cond" truecount="4" falsecount="0"/>
        <line num="28" count="2" type="cond" truecount="2" falsecount="0"/>
        <line num="32" count="9" type="stmt"/>
        <line num="37" count="9" type="stmt"/>
        <line num="41" count="9" type="stmt"/>
        <line num="46" count="9" type="stmt"/>
        <line num="47" count="9" type="stmt"/>
        <line num="48" count="9" type="stmt"/>
        <line num="52" count="9" type="stmt"/>
        <line num="53" count="1" type="stmt"/>
        <line num="54" count="1" type="stmt"/>
        <line num="59" count="9" type="stmt"/>
        <line num="62" count="9" type="stmt"/>
        <line num="76" count="1" type="cond" truecount="1" falsecount="1"/>
        <line num="80" count="3" type="stmt"/>
        <line num="82" count="3" type="stmt"/>
        <line num="83" count="0" type="stmt"/>
        <line num="96" count="2" type="stmt"/>
      </file>
    </package>
    <package name="pages.Home">
      <metrics statements="4" coveredstatements="4" conditionals="4" coveredconditionals="1" methods="4" coveredmethods="2"/>
      <file name="index.js" path="C:\Users\Micyo\Desktop\Projet_9\src\pages\Home\index.js">
        <metrics statements="4" coveredstatements="4" conditionals="4" coveredconditionals="1" methods="4" coveredmethods="2"/>
        <line num="15" count="1" type="stmt"/>
        <line num="16" count="6" type="stmt"/>
        <line num="18" count="6" type="stmt"/>
        <line num="112" count="6" type="stmt"/>
      </file>
    </package>
  </project>
</coverage>
