{"C:\\Users\\Micyo\\Desktop\\Projet_9\\src\\containers\\Slider\\index.js": {"path":"C:\\Users\\Micyo\\Desktop\\Projet_9\\src\\containers\\Slider\\index.js","statementMap":{"0":{"start":{"line":8,"column":15},"end":{"line":116,"column":1}},"1":{"start":{"line":9,"column":19},"end":{"line":9,"column":28}},"2":{"start":{"line":10,"column":28},"end":{"line":10,"column":39}},"3":{"start":{"line":11,"column":34},"end":{"line":11,"column":49}},"4":{"start":{"line":15,"column":21},"end":{"line":22,"column":12}},"5":{"start":{"line":16,"column":4},"end":{"line":18,"column":5}},"6":{"start":{"line":17,"column":6},"end":{"line":17,"column":16}},"7":{"start":{"line":19,"column":4},"end":{"line":21,"column":6}},"8":{"start":{"line":20,"column":6},"end":{"line":20,"column":56}},"9":{"start":{"line":24,"column":2},"end":{"line":24,"column":27}},"10":{"start":{"line":25,"column":2},"end":{"line":25,"column":41}},"11":{"start":{"line":26,"column":2},"end":{"line":26,"column":27}},"12":{"start":{"line":30,"column":19},"end":{"line":41,"column":35}},"13":{"start":{"line":32,"column":4},"end":{"line":39,"column":5}},"14":{"start":{"line":33,"column":6},"end":{"line":38,"column":15}},"15":{"start":{"line":34,"column":8},"end":{"line":37,"column":9}},"16":{"start":{"line":35,"column":27},"end":{"line":35,"column":72}},"17":{"start":{"line":36,"column":10},"end":{"line":36,"column":29}},"18":{"start":{"line":40,"column":4},"end":{"line":40,"column":37}},"19":{"start":{"line":40,"column":17},"end":{"line":40,"column":36}},"20":{"start":{"line":45,"column":2},"end":{"line":51,"column":24}},"21":{"start":{"line":46,"column":4},"end":{"line":46,"column":29}},"22":{"start":{"line":47,"column":4},"end":{"line":47,"column":53}},"23":{"start":{"line":48,"column":4},"end":{"line":48,"column":29}},"24":{"start":{"line":49,"column":26},"end":{"line":49,"column":36}},"25":{"start":{"line":50,"column":4},"end":{"line":50,"column":33}},"26":{"start":{"line":50,"column":17},"end":{"line":50,"column":32}},"27":{"start":{"line":55,"column":2},"end":{"line":70,"column":9}},"28":{"start":{"line":56,"column":26},"end":{"line":63,"column":5}},"29":{"start":{"line":57,"column":6},"end":{"line":62,"column":7}},"30":{"start":{"line":60,"column":8},"end":{"line":60,"column":31}},"31":{"start":{"line":61,"column":8},"end":{"line":61,"column":37}},"32":{"start":{"line":61,"column":30},"end":{"line":61,"column":35}},"33":{"start":{"line":65,"column":4},"end":{"line":65,"column":54}},"34":{"start":{"line":67,"column":4},"end":{"line":69,"column":6}},"35":{"start":{"line":68,"column":6},"end":{"line":68,"column":59}},"36":{"start":{"line":72,"column":2},"end":{"line":115,"column":4}},"37":{"start":{"line":75,"column":25},"end":{"line":75,"column":40}},"38":{"start":{"line":76,"column":8},"end":{"line":76,"column":61}},"39":{"start":{"line":77,"column":8},"end":{"line":112,"column":10}},"40":{"start":{"line":96,"column":35},"end":{"line":96,"column":60}},"41":{"start":{"line":97,"column":36},"end":{"line":97,"column":54}},"42":{"start":{"line":98,"column":18},"end":{"line":98,"column":71}},"43":{"start":{"line":99,"column":18},"end":{"line":107,"column":20}}},"fnMap":{"0":{"name":"(anonymous_0)","decl":{"start":{"line":8,"column":15},"end":{"line":8,"column":16}},"loc":{"start":{"line":8,"column":21},"end":{"line":116,"column":1}},"line":8},"1":{"name":"(anonymous_1)","decl":{"start":{"line":15,"column":29},"end":{"line":15,"column":30}},"loc":{"start":{"line":15,"column":35},"end":{"line":22,"column":3}},"line":15},"2":{"name":"(anonymous_2)","decl":{"start":{"line":19,"column":27},"end":{"line":19,"column":28}},"loc":{"start":{"line":20,"column":6},"end":{"line":20,"column":56}},"line":20},"3":{"name":"(anonymous_3)","decl":{"start":{"line":30,"column":31},"end":{"line":30,"column":32}},"loc":{"start":{"line":30,"column":37},"end":{"line":41,"column":3}},"line":30},"4":{"name":"(anonymous_4)","decl":{"start":{"line":33,"column":25},"end":{"line":33,"column":26}},"loc":{"start":{"line":33,"column":31},"end":{"line":38,"column":7}},"line":33},"5":{"name":"(anonymous_5)","decl":{"start":{"line":40,"column":11},"end":{"line":40,"column":12}},"loc":{"start":{"line":40,"column":17},"end":{"line":40,"column":36}},"line":40},"6":{"name":"(anonymous_6)","decl":{"start":{"line":45,"column":12},"end":{"line":45,"column":13}},"loc":{"start":{"line":45,"column":18},"end":{"line":51,"column":3}},"line":45},"7":{"name":"(anonymous_7)","decl":{"start":{"line":50,"column":11},"end":{"line":50,"column":12}},"loc":{"start":{"line":50,"column":17},"end":{"line":50,"column":32}},"line":50},"8":{"name":"(anonymous_8)","decl":{"start":{"line":55,"column":12},"end":{"line":55,"column":13}},"loc":{"start":{"line":55,"column":18},"end":{"line":70,"column":3}},"line":55},"9":{"name":"(anonymous_9)","decl":{"start":{"line":56,"column":26},"end":{"line":56,"column":27}},"loc":{"start":{"line":56,"column":37},"end":{"line":63,"column":5}},"line":56},"10":{"name":"(anonymous_10)","decl":{"start":{"line":61,"column":20},"end":{"line":61,"column":21}},"loc":{"start":{"line":61,"column":30},"end":{"line":61,"column":35}},"line":61},"11":{"name":"(anonymous_11)","decl":{"start":{"line":67,"column":11},"end":{"line":67,"column":12}},"loc":{"start":{"line":67,"column":17},"end":{"line":69,"column":5}},"line":67},"12":{"name":"(anonymous_12)","decl":{"start":{"line":74,"column":22},"end":{"line":74,"column":23}},"loc":{"start":{"line":74,"column":38},"end":{"line":113,"column":7}},"line":74},"13":{"name":"(anonymous_13)","decl":{"start":{"line":95,"column":32},"end":{"line":95,"column":33}},"loc":{"start":{"line":95,"column":49},"end":{"line":108,"column":17}},"line":95}},"branchMap":{"0":{"loc":{"start":{"line":16,"column":4},"end":{"line":18,"column":5}},"type":"if","locations":[{"start":{"line":16,"column":4},"end":{"line":18,"column":5}},{"start":{},"end":{}}],"line":16},"1":{"loc":{"start":{"line":20,"column":6},"end":{"line":20,"column":56}},"type":"cond-expr","locations":[{"start":{"line":20,"column":50},"end":{"line":20,"column":52}},{"start":{"line":20,"column":55},"end":{"line":20,"column":56}}],"line":20},"2":{"loc":{"start":{"line":32,"column":4},"end":{"line":39,"column":5}},"type":"if","locations":[{"start":{"line":32,"column":4},"end":{"line":39,"column":5}},{"start":{},"end":{}}],"line":32},"3":{"loc":{"start":{"line":34,"column":8},"end":{"line":37,"column":9}},"type":"if","locations":[{"start":{"line":34,"column":8},"end":{"line":37,"column":9}},{"start":{},"end":{}}],"line":34},"4":{"loc":{"start":{"line":35,"column":27},"end":{"line":35,"column":72}},"type":"cond-expr","locations":[{"start":{"line":35,"column":59},"end":{"line":35,"column":68}},{"start":{"line":35,"column":71},"end":{"line":35,"column":72}}],"line":35},"5":{"loc":{"start":{"line":57,"column":6},"end":{"line":62,"column":7}},"type":"if","locations":[{"start":{"line":57,"column":6},"end":{"line":62,"column":7}},{"start":{},"end":{}}],"line":57},"6":{"loc":{"start":{"line":75,"column":25},"end":{"line":75,"column":40}},"type":"binary-expr","locations":[{"start":{"line":75,"column":25},"end":{"line":75,"column":33}},{"start":{"line":75,"column":37},"end":{"line":75,"column":40}}],"line":75},"7":{"loc":{"start":{"line":81,"column":16},"end":{"line":81,"column":50}},"type":"cond-expr","locations":[{"start":{"line":81,"column":32},"end":{"line":81,"column":41}},{"start":{"line":81,"column":44},"end":{"line":81,"column":50}}],"line":81}},"s":{"0":2,"1":8,"2":8,"3":8,"4":8,"5":8,"6":7,"7":1,"8":3,"9":8,"10":8,"11":8,"12":8,"13":8,"14":8,"15":0,"16":0,"17":0,"18":8,"19":8,"20":8,"21":8,"22":8,"23":8,"24":8,"25":8,"26":8,"27":8,"28":7,"29":0,"30":0,"31":0,"32":0,"33":7,"34":7,"35":7,"36":8,"37":3,"38":3,"39":3,"40":9,"41":9,"42":9,"43":9},"f":{"0":8,"1":8,"2":3,"3":8,"4":0,"5":8,"6":8,"7":8,"8":7,"9":0,"10":0,"11":7,"12":3,"13":9},"b":{"0":[7,1],"1":[1,2],"2":[8,0],"3":[0,0],"4":[0,0],"5":[0,0],"6":[3,3],"7":[1,2]},"_coverageSchema":"1a1c01bbd47fc00a2c39e90264f33305004495a9","hash":"f3877a8b6973cc24c01b3ec111963583422f791e"}
}
