{"C:\\Users\\Micyo\\Desktop\\Projet_9\\src\\components\\Button\\index.js": {"path":"C:\\Users\\Micyo\\Desktop\\Projet_9\\src\\components\\Button\\index.js","statementMap":{"0":{"start":{"line":6,"column":28},"end":{"line":9,"column":1}},"1":{"start":{"line":11,"column":15},"end":{"line":52,"column":1}},"2":{"start":{"line":12,"column":2},"end":{"line":51,"column":3}},"3":{"start":{"line":14,"column":6},"end":{"line":25,"column":8}},"4":{"start":{"line":27,"column":6},"end":{"line":37,"column":8}},"5":{"start":{"line":39,"column":6},"end":{"line":50,"column":8}},"6":{"start":{"line":55,"column":0},"end":{"line":61,"column":2}},"7":{"start":{"line":62,"column":0},"end":{"line":68,"column":2}},"8":{"start":{"line":64,"column":17},"end":{"line":64,"column":21}}},"fnMap":{"0":{"name":"(anonymous_0)","decl":{"start":{"line":11,"column":15},"end":{"line":11,"column":16}},"loc":{"start":{"line":11,"column":65},"end":{"line":52,"column":1}},"line":11},"1":{"name":"(anonymous_1)","decl":{"start":{"line":64,"column":11},"end":{"line":64,"column":12}},"loc":{"start":{"line":64,"column":17},"end":{"line":64,"column":21}},"line":64}},"branchMap":{"0":{"loc":{"start":{"line":12,"column":2},"end":{"line":51,"column":3}},"type":"switch","locations":[{"start":{"line":13,"column":4},"end":{"line":25,"column":8}},{"start":{"line":26,"column":4},"end":{"line":37,"column":8}},{"start":{"line":38,"column":4},"end":{"line":50,"column":8}}],"line":12}},"s":{"0":2,"1":2,"2":17,"3":9,"4":8,"5":0,"6":2,"7":2,"8":1},"f":{"0":17,"1":1},"b":{"0":[9,8,0]},"_coverageSchema":"1a1c01bbd47fc00a2c39e90264f33305004495a9","hash":"9f4560ee562ed6f1ffc81e9ac56882c8f9cef40e"}
,"C:\\Users\\Micyo\\Desktop\\Projet_9\\src\\components\\EventCard\\index.js": {"path":"C:\\Users\\Micyo\\Desktop\\Projet_9\\src\\components\\EventCard\\index.js","statementMap":{"0":{"start":{"line":7,"column":18},"end":{"line":30,"column":3}},"1":{"start":{"line":16,"column":4},"end":{"line":29,"column":10}},"2":{"start":{"line":32,"column":0},"end":{"line":39,"column":2}},"3":{"start":{"line":41,"column":0},"end":{"line":44,"column":1}}},"fnMap":{"0":{"name":"(anonymous_0)","decl":{"start":{"line":7,"column":18},"end":{"line":7,"column":19}},"loc":{"start":{"line":16,"column":4},"end":{"line":29,"column":10}},"line":16}},"branchMap":{"0":{"loc":{"start":{"line":10,"column":2},"end":{"line":10,"column":19}},"type":"default-arg","locations":[{"start":{"line":10,"column":9},"end":{"line":10,"column":19}}],"line":10},"1":{"loc":{"start":{"line":13,"column":2},"end":{"line":13,"column":15}},"type":"default-arg","locations":[{"start":{"line":13,"column":10},"end":{"line":13,"column":15}}],"line":13},"2":{"loc":{"start":{"line":18,"column":29},"end":{"line":18,"column":61}},"type":"cond-expr","locations":[{"start":{"line":18,"column":37},"end":{"line":18,"column":56}},{"start":{"line":18,"column":59},"end":{"line":18,"column":61}}],"line":18}},"s":{"0":3,"1":6,"2":3,"3":3},"f":{"0":6},"b":{"0":[0],"1":[0],"2":[1,5]},"_coverageSchema":"1a1c01bbd47fc00a2c39e90264f33305004495a9","hash":"5f6c1c1bc14026413bc5fbbd82c610a79f80cce7"}
,"C:\\Users\\Micyo\\Desktop\\Projet_9\\src\\pages\\Home\\index.js": {"path":"C:\\Users\\Micyo\\Desktop\\Projet_9\\src\\pages\\Home\\index.js","statementMap":{"0":{"start":{"line":15,"column":13},"end":{"line":164,"column":1}},"1":{"start":{"line":16,"column":19},"end":{"line":16,"column":28}},"2":{"start":{"line":18,"column":2},"end":{"line":163,"column":4}},"3":{"start":{"line":112,"column":14},"end":{"line":112,"column":79}},"4":{"start":{"line":112,"column":37},"end":{"line":112,"column":54}},"5":{"start":{"line":112,"column":71},"end":{"line":112,"column":75}}},"fnMap":{"0":{"name":"(anonymous_0)","decl":{"start":{"line":15,"column":13},"end":{"line":15,"column":14}},"loc":{"start":{"line":15,"column":19},"end":{"line":164,"column":1}},"line":15},"1":{"name":"(anonymous_1)","decl":{"start":{"line":111,"column":13},"end":{"line":111,"column":14}},"loc":{"start":{"line":112,"column":14},"end":{"line":112,"column":79}},"line":112},"2":{"name":"(anonymous_2)","decl":{"start":{"line":112,"column":31},"end":{"line":112,"column":32}},"loc":{"start":{"line":112,"column":37},"end":{"line":112,"column":54}},"line":112},"3":{"name":"(anonymous_3)","decl":{"start":{"line":112,"column":65},"end":{"line":112,"column":66}},"loc":{"start":{"line":112,"column":71},"end":{"line":112,"column":75}},"line":112}},"branchMap":{"0":{"loc":{"start":{"line":121,"column":11},"end":{"line":129,"column":11}},"type":"binary-expr","locations":[{"start":{"line":121,"column":11},"end":{"line":121,"column":15}},{"start":{"line":121,"column":19},"end":{"line":121,"column":29}},{"start":{"line":121,"column":33},"end":{"line":121,"column":43}},{"start":{"line":122,"column":12},"end":{"line":128,"column":14}}],"line":121}},"s":{"0":1,"1":6,"2":6,"3":6,"4":0,"5":0},"f":{"0":6,"1":6,"2":0,"3":0},"b":{"0":[6,0,0,0]},"_coverageSchema":"1a1c01bbd47fc00a2c39e90264f33305004495a9","hash":"878fe3d3df066f5a14cb5b47c95ac5e605e49c26"}
}
