TN:
SF:src\components\EventCard\index.js
FN:7,(anonymous_0)
FNF:1
FNH:1
FNDA:6,(anonymous_0)
DA:7,3
DA:16,6
DA:32,3
DA:41,3
LF:4
LH:4
BRDA:10,0,0,0
BRDA:13,1,0,0
BRDA:18,2,0,1
BRDA:18,2,1,5
BRF:4
BRH:2
end_of_record
TN:
SF:src\containers\Events\index.js
FN:14,(anonymous_0)
FN:28,(anonymous_1)
FN:52,(anonymous_2)
FN:59,(anonymous_3)
FN:76,(anonymous_4)
FN:79,(anonymous_5)
FN:81,(anonymous_6)
FN:83,(anonymous_7)
FN:94,(anonymous_8)
FN:96,(anonymous_9)
FNF:10
FNH:8
FNDA:9,(anonymous_0)
FNDA:2,(anonymous_1)
FNDA:1,(anonymous_2)
FNDA:4,(anonymous_3)
FNDA:1,(anonymous_4)
FNDA:3,(anonymous_5)
FNDA:3,(anonymous_6)
FNDA:0,(anonymous_7)
FNDA:2,(anonymous_8)
FNDA:0,(anonymous_9)
DA:12,2
DA:14,2
DA:15,9
DA:16,9
DA:17,9
DA:19,9
DA:20,9
DA:21,9
DA:26,9
DA:28,2
DA:32,9
DA:37,9
DA:41,9
DA:46,9
DA:47,9
DA:48,9
DA:52,9
DA:53,1
DA:54,1
DA:59,9
DA:62,9
DA:76,1
DA:80,3
DA:82,3
DA:83,0
DA:96,2
LF:26
LH:25
BRDA:26,0,0,9
BRDA:26,0,1,7
BRDA:26,1,0,8
BRDA:26,1,1,1
BRDA:28,2,0,2
BRDA:28,2,1,2
BRDA:66,3,0,9
BRDA:66,3,1,0
BRDA:67,4,0,1
BRDA:67,4,1,8
BRDA:76,5,0,1
BRDA:76,5,1,0
BRF:12
BRH:10
end_of_record
TN:
SF:src\pages\Home\index.js
FN:15,(anonymous_0)
FN:111,(anonymous_1)
FN:112,(anonymous_2)
FN:112,(anonymous_3)
FNF:4
FNH:2
FNDA:6,(anonymous_0)
FNDA:6,(anonymous_1)
FNDA:0,(anonymous_2)
FNDA:0,(anonymous_3)
DA:15,1
DA:16,6
DA:18,6
DA:112,6
LF:4
LH:4
BRDA:121,0,0,6
BRDA:121,0,1,0
BRDA:121,0,2,0
BRDA:121,0,3,0
BRF:4
BRH:1
end_of_record
