TN:
SF:src\components\Button\index.js
FN:11,(anonymous_0)
FN:64,(anonymous_1)
FNF:2
FNH:2
FNDA:17,(anonymous_0)
FNDA:1,(anonymous_1)
DA:6,2
DA:11,2
DA:12,17
DA:14,9
DA:27,8
DA:39,0
DA:55,2
DA:62,2
DA:64,1
LF:9
LH:8
BRDA:12,0,0,9
BRDA:12,0,1,8
BRDA:12,0,2,0
BRF:3
BRH:2
end_of_record
TN:
SF:src\components\EventCard\index.js
FN:7,(anonymous_0)
FNF:1
FNH:1
FNDA:6,(anonymous_0)
DA:7,3
DA:16,6
DA:32,3
DA:41,3
LF:4
LH:4
BRDA:10,0,0,0
BRDA:13,1,0,0
BRDA:18,2,0,1
BRDA:18,2,1,5
BRF:4
BRH:2
end_of_record
TN:
SF:src\pages\Home\index.js
FN:15,(anonymous_0)
FN:111,(anonymous_1)
FN:112,(anonymous_2)
FN:112,(anonymous_3)
FNF:4
FNH:2
FNDA:6,(anonymous_0)
FNDA:6,(anonymous_1)
FNDA:0,(anonymous_2)
FNDA:0,(anonymous_3)
DA:15,1
DA:16,6
DA:18,6
DA:112,6
LF:4
LH:4
BRDA:121,0,0,6
BRDA:121,0,1,0
BRDA:121,0,2,0
BRDA:121,0,3,0
BRF:4
BRH:1
end_of_record
